Build started 3/1/2014 11:56:19 PM.
     1>Project "C:\Users\Lakshmi\Desktop\CIS660\Final\FinalProject_660\fluids_v2\fluids_v2\fluids.vcxproj" on node 2 (build target(s)).
     1>InitializeBuildStatus:
         Touching "Debug\fluids.unsuccessfulbuild".
       ClCompile:
         c:\Program Files (x86)\Microsoft Visual Studio 10.0\VC\bin\CL.exe /c /Ifluids /Icommon /ZI /nologo /W3 /WX- /Od /Oy- /D WIN32 /D _DEBUG /D _CONSOLE /D FREEGLUT_STATIC /D _VC80_UPGRADE=0x0700 /D _MBCS /Gm /EHsc /RTC1 /MTd /GS /fp:precise /Zc:wchar_t /Zc:forScope /Fo"Debug\\" /Fd"Debug\vc100.pdb" /Gd /TP /analyze- /errorReport:prompt main.cpp
         main.cpp
     1>c:\users\lakshmi\desktop\cis660\final\finalproject_660\fluids_v2\fluids_v2\main.cpp(189): warning C4305: 'argument' : truncation from 'double' to 'GLfloat'
     1>c:\users\lakshmi\desktop\cis660\final\finalproject_660\fluids_v2\fluids_v2\main.cpp(190): warning C4305: 'argument' : truncation from 'double' to 'GLfloat'
     1>c:\users\lakshmi\desktop\cis660\final\finalproject_660\fluids_v2\fluids_v2\main.cpp(191): warning C4305: 'argument' : truncation from 'double' to 'GLfloat'
     1>c:\users\lakshmi\desktop\cis660\final\finalproject_660\fluids_v2\fluids_v2\main.cpp(192): warning C4305: 'argument' : truncation from 'double' to 'GLfloat'
     1>c:\users\lakshmi\desktop\cis660\final\finalproject_660\fluids_v2\fluids_v2\main.cpp(229): warning C4244: 'argument' : conversion from 'double' to 'GLfloat', possible loss of data
     1>c:\users\lakshmi\desktop\cis660\final\finalproject_660\fluids_v2\fluids_v2\main.cpp(229): warning C4244: 'argument' : conversion from 'double' to 'GLfloat', possible loss of data
     1>c:\users\lakshmi\desktop\cis660\final\finalproject_660\fluids_v2\fluids_v2\main.cpp(230): warning C4244: 'argument' : conversion from 'double' to 'GLfloat', possible loss of data
     1>c:\users\lakshmi\desktop\cis660\final\finalproject_660\fluids_v2\fluids_v2\main.cpp(287): warning C4244: '=' : conversion from 'double' to 'float', possible loss of data
     1>c:\users\lakshmi\desktop\cis660\final\finalproject_660\fluids_v2\fluids_v2\main.cpp(288): warning C4244: '=' : conversion from 'double' to 'float', possible loss of data
     1>c:\users\lakshmi\desktop\cis660\final\finalproject_660\fluids_v2\fluids_v2\main.cpp(289): warning C4244: '=' : conversion from 'double' to 'float', possible loss of data
     1>c:\users\lakshmi\desktop\cis660\final\finalproject_660\fluids_v2\fluids_v2\main.cpp(342): warning C4305: 'argument' : truncation from 'double' to 'GLclampf'
     1>c:\users\lakshmi\desktop\cis660\final\finalproject_660\fluids_v2\fluids_v2\main.cpp(342): warning C4305: 'argument' : truncation from 'double' to 'GLclampf'
     1>c:\users\lakshmi\desktop\cis660\final\finalproject_660\fluids_v2\fluids_v2\main.cpp(342): warning C4305: 'argument' : truncation from 'double' to 'GLclampf'
     1>c:\users\lakshmi\desktop\cis660\final\finalproject_660\fluids_v2\fluids_v2\main.cpp(406): warning C4244: 'argument' : conversion from 'int' to 'const float', possible loss of data
     1>c:\users\lakshmi\desktop\cis660\final\finalproject_660\fluids_v2\fluids_v2\main.cpp(406): warning C4244: 'argument' : conversion from 'int' to 'const float', possible loss of data
     1>c:\users\lakshmi\desktop\cis660\final\finalproject_660\fluids_v2\fluids_v2\main.cpp(411): warning C4244: 'argument' : conversion from 'int' to 'const float', possible loss of data
     1>c:\users\lakshmi\desktop\cis660\final\finalproject_660\fluids_v2\fluids_v2\main.cpp(411): warning C4244: 'argument' : conversion from 'int' to 'const float', possible loss of data
     1>c:\users\lakshmi\desktop\cis660\final\finalproject_660\fluids_v2\fluids_v2\main.cpp(416): warning C4244: 'argument' : conversion from 'int' to 'const float', possible loss of data
     1>c:\users\lakshmi\desktop\cis660\final\finalproject_660\fluids_v2\fluids_v2\main.cpp(416): warning C4244: 'argument' : conversion from 'int' to 'const float', possible loss of data
     1>c:\users\lakshmi\desktop\cis660\final\finalproject_660\fluids_v2\fluids_v2\main.cpp(421): warning C4244: 'argument' : conversion from 'int' to 'const float', possible loss of data
     1>c:\users\lakshmi\desktop\cis660\final\finalproject_660\fluids_v2\fluids_v2\main.cpp(421): warning C4244: 'argument' : conversion from 'int' to 'const float', possible loss of data
     1>c:\users\lakshmi\desktop\cis660\final\finalproject_660\fluids_v2\fluids_v2\main.cpp(443): warning C4244: 'initializing' : conversion from 'float' to 'int', possible loss of data
     1>c:\users\lakshmi\desktop\cis660\final\finalproject_660\fluids_v2\fluids_v2\main.cpp(492): warning C4244: 'argument' : conversion from 'float' to 'int', possible loss of data
     1>c:\users\lakshmi\desktop\cis660\final\finalproject_660\fluids_v2\fluids_v2\main.cpp(492): warning C4244: 'argument' : conversion from 'float' to 'int', possible loss of data
     1>c:\users\lakshmi\desktop\cis660\final\finalproject_660\fluids_v2\fluids_v2\main.cpp(492): warning C4244: 'argument' : conversion from 'float' to 'int', possible loss of data
     1>c:\users\lakshmi\desktop\cis660\final\finalproject_660\fluids_v2\fluids_v2\main.cpp(527): warning C4244: '+=' : conversion from 'double' to 'float', possible loss of data
     1>c:\users\lakshmi\desktop\cis660\final\finalproject_660\fluids_v2\fluids_v2\main.cpp(539): warning C4244: '+=' : conversion from 'double' to 'float', possible loss of data
     1>c:\users\lakshmi\desktop\cis660\final\finalproject_660\fluids_v2\fluids_v2\main.cpp(545): warning C4244: '-=' : conversion from 'double' to 'float', possible loss of data
     1>c:\users\lakshmi\desktop\cis660\final\finalproject_660\fluids_v2\fluids_v2\main.cpp(546): warning C4244: '+=' : conversion from 'double' to 'float', possible loss of data
     1>c:\users\lakshmi\desktop\cis660\final\finalproject_660\fluids_v2\fluids_v2\main.cpp(551): warning C4244: '-=' : conversion from 'double' to 'float', possible loss of data
     1>c:\users\lakshmi\desktop\cis660\final\finalproject_660\fluids_v2\fluids_v2\main.cpp(558): warning C4244: '-=' : conversion from 'double' to 'float', possible loss of data
     1>c:\users\lakshmi\desktop\cis660\final\finalproject_660\fluids_v2\fluids_v2\main.cpp(559): warning C4244: '+=' : conversion from 'double' to 'float', possible loss of data
     1>c:\users\lakshmi\desktop\cis660\final\finalproject_660\fluids_v2\fluids_v2\main.cpp(562): warning C4244: '-=' : conversion from 'double' to 'float', possible loss of data
     1>c:\users\lakshmi\desktop\cis660\final\finalproject_660\fluids_v2\fluids_v2\main.cpp(570): warning C4244: '-=' : conversion from 'double' to 'float', possible loss of data
     1>c:\users\lakshmi\desktop\cis660\final\finalproject_660\fluids_v2\fluids_v2\main.cpp(571): warning C4244: '+=' : conversion from 'double' to 'float', possible loss of data
     1>c:\users\lakshmi\desktop\cis660\final\finalproject_660\fluids_v2\fluids_v2\main.cpp(574): warning C4244: '-=' : conversion from 'double' to 'float', possible loss of data
     1>c:\users\lakshmi\desktop\cis660\final\finalproject_660\fluids_v2\fluids_v2\main.cpp(604): warning C4244: 'argument' : conversion from 'time_t' to 'unsigned int', possible loss of data
     1>c:\users\lakshmi\desktop\cis660\final\finalproject_660\fluids_v2\fluids_v2\main.cpp(606): warning C4305: 'argument' : truncation from 'double' to 'GLclampf'
     1>c:\users\lakshmi\desktop\cis660\final\finalproject_660\fluids_v2\fluids_v2\main.cpp(649): warning C4305: '=' : truncation from 'double' to 'float'
     1>c:\users\lakshmi\desktop\cis660\final\finalproject_660\fluids_v2\fluids_v2\main.cpp(718): warning C4018: '<' : signed/unsigned mismatch
     1>c:\users\lakshmi\desktop\cis660\final\finalproject_660\fluids_v2\fluids_v2\main.cpp(758): warning C4018: '<' : signed/unsigned mismatch
     1>c:\users\lakshmi\desktop\cis660\final\finalproject_660\fluids_v2\fluids_v2\main.cpp(709): warning C4101: 'buf' : unreferenced local variable
     1>c:\users\lakshmi\desktop\cis660\final\finalproject_660\fluids_v2\fluids_v2\main.cpp(803): warning C4018: '<' : signed/unsigned mismatch
     1>c:\users\lakshmi\desktop\cis660\final\finalproject_660\fluids_v2\fluids_v2\main.cpp(788): warning C4101: 'p2' : unreferenced local variable
     1>c:\users\lakshmi\desktop\cis660\final\finalproject_660\fluids_v2\fluids_v2\main.cpp(788): warning C4101: 'p3' : unreferenced local variable
     1>c:\users\lakshmi\desktop\cis660\final\finalproject_660\fluids_v2\fluids_v2\main.cpp(788): warning C4101: 'p1' : unreferenced local variable
       ManifestResourceCompile:
         All outputs are up-to-date.
       Link:
         c:\Program Files (x86)\Microsoft Visual Studio 10.0\VC\bin\link.exe /ERRORREPORT:PROMPT /OUT:"C:\Users\Lakshmi\Desktop\CIS660\Final\FinalProject_660\fluids_v2\fluids_v2\Debug\fluids_debug.exe" /INCREMENTAL /NOLOGO /LIBPATH:"C:\Program Files\NVIDIA Corporation\Cg\lib" glee_2008.lib freeglut_VS2008.lib kernel32.lib user32.lib gdi32.lib winspool.lib comdlg32.lib advapi32.lib shell32.lib ole32.lib oleaut32.lib uuid.lib odbc32.lib odbccp32.lib /MANIFEST /ManifestFile:"Debug\fluids_debug.exe.intermediate.manifest" /MANIFESTUAC:"level='asInvoker' uiAccess='false'" /DEBUG /PDB:"C:\Users\Lakshmi\Desktop\CIS660\Final\FinalProject_660\fluids_v2\fluids_v2\Debug\cgdemo.pdb" /SUBSYSTEM:CONSOLE /TLBID:1 /DYNAMICBASE:NO /IMPLIB:"C:\Users\Lakshmi\Desktop\CIS660\Final\FinalProject_660\fluids_v2\fluids_v2\Debug\fluids_debug.lib" /MACHINE:X86 Debug\fluids_debug.exe.embed.manifest.res
         Debug\fluid.obj
         Debug\fluid_system.obj
         Debug\geomx.obj
         Debug\gl_helper.obj
         Debug\image.obj
         Debug\matrix.obj
         Debug\mdebug.obj
         Debug\mtime.obj
         Debug\point_set.obj
         Debug\vector.obj
         Debug\main.obj
         glee_2008.lib(GLee.obj) : MSIL .netmodule or module compiled with /GL found; restarting link with /LTCG; add /LTCG to the link command line to improve linker performance
     1>LINK : warning LNK4075: ignoring '/INCREMENTAL' due to '/LTCG' specification
     1>LINK : warning LNK4098: defaultlib 'LIBCMT' conflicts with use of other libs; use /NODEFAULTLIB:library
         Generating code
         Finished generating code
     1>glee_2008.lib(GLee.obj) : warning LNK4099: PDB 'vc90.pdb' was not found with 'glee_2008.lib(GLee.obj)' or at 'C:\Users\Lakshmi\Desktop\CIS660\Final\FinalProject_660\fluids_v2\fluids_v2\Debug\vc90.pdb'; linking object as if no debug info
       Manifest:
         C:\Program Files (x86)\Microsoft SDKs\Windows\v7.0A\bin\mt.exe /nologo /verbose /out:"Debug\fluids_debug.exe.embed.manifest" /manifest Debug\fluids_debug.exe.intermediate.manifest
         All outputs are up-to-date.
       LinkEmbedManifest:
         All outputs are up-to-date.
         fluids.vcxproj -> C:\Users\Lakshmi\Desktop\CIS660\Final\FinalProject_660\fluids_v2\fluids_v2\Debug\fluids_debug.exe
       FinalizeBuildStatus:
         Deleting file "Debug\fluids.unsuccessfulbuild".
         Touching "Debug\fluids.lastbuildstate".
     1>Done Building Project "C:\Users\Lakshmi\Desktop\CIS660\Final\FinalProject_660\fluids_v2\fluids_v2\fluids.vcxproj" (build target(s)).

Build succeeded.

Time Elapsed 00:00:03.23
