C:\USERS\VIVEKREDDY\DESKTOP\CGGT\6-PHYSICALLY BASED ANIMATION\FINAL PROJECT\FLUIDS_V2\FLUIDS_V2\DEBUG\CGDEMO.PDB
C:\Users\vivekreddy\Desktop\CGGT\6-Physically based Animation\Final project\fluids_v2\fluids_v2\Debug\cl.command.1.tlog
C:\Users\vivekreddy\Desktop\CGGT\6-Physically based Animation\Final project\fluids_v2\fluids_v2\Debug\CL.read.1.tlog
C:\Users\vivekreddy\Desktop\CGGT\6-Physically based Animation\Final project\fluids_v2\fluids_v2\Debug\CL.write.1.tlog
C:\USERS\VIVEKREDDY\DESKTOP\CGGT\6-PHYSICALLY BASED ANIMATION\FINAL PROJECT\FLUIDS_V2\FLUIDS_V2\DEBUG\FLUID.OBJ
C:\USERS\VIVEKREDDY\DESKTOP\CGGT\6-PHYSICALLY BASED ANIMATION\FINAL PROJECT\FLUIDS_V2\FLUIDS_V2\DEBUG\FLUID_SYSTEM.OBJ
C:\USERS\VIVEKREDDY\DESKTOP\CGGT\6-PHYSICALLY BASED ANIMATION\FINAL PROJECT\FLUIDS_V2\FLUIDS_V2\DEBUG\FLUIDS.EXE.EMBED.MANIFEST
C:\USERS\VIVEKREDDY\DESKTOP\CGGT\6-PHYSICALLY BASED ANIMATION\FINAL PROJECT\FLUIDS_V2\FLUIDS_V2\DEBUG\FLUIDS.EXE.EMBED.MANIFEST.RES
C:\USERS\VIVEKREDDY\DESKTOP\CGGT\6-PHYSICALLY BASED ANIMATION\FINAL PROJECT\FLUIDS_V2\FLUIDS_V2\DEBUG\FLUIDS.EXE.INTERMEDIATE.MANIFEST
C:\Users\vivekreddy\Desktop\CGGT\6-Physically based Animation\Final project\fluids_v2\fluids_v2\Debug\fluids.vcxprojResolveAssemblyReference.cache
C:\Users\vivekreddy\Desktop\CGGT\6-Physically based Animation\Final project\fluids_v2\fluids_v2\Debug\fluids.write.1.tlog
C:\USERS\VIVEKREDDY\DESKTOP\CGGT\6-PHYSICALLY BASED ANIMATION\FINAL PROJECT\FLUIDS_V2\FLUIDS_V2\DEBUG\FLUIDS_DEBUG.EXE
C:\USERS\VIVEKREDDY\DESKTOP\CGGT\6-PHYSICALLY BASED ANIMATION\FINAL PROJECT\FLUIDS_V2\FLUIDS_V2\DEBUG\FLUIDS_DEBUG.ILK
C:\Users\vivekreddy\Desktop\CGGT\6-Physically based Animation\Final project\fluids_v2\fluids_v2\Debug\fluids_manifest.rc
C:\USERS\VIVEKREDDY\DESKTOP\CGGT\6-PHYSICALLY BASED ANIMATION\FINAL PROJECT\FLUIDS_V2\FLUIDS_V2\DEBUG\GEOMX.OBJ
C:\USERS\VIVEKREDDY\DESKTOP\CGGT\6-PHYSICALLY BASED ANIMATION\FINAL PROJECT\FLUIDS_V2\FLUIDS_V2\DEBUG\GL_HELPER.OBJ
C:\USERS\VIVEKREDDY\DESKTOP\CGGT\6-PHYSICALLY BASED ANIMATION\FINAL PROJECT\FLUIDS_V2\FLUIDS_V2\DEBUG\IMAGE.OBJ
C:\Users\vivekreddy\Desktop\CGGT\6-Physically based Animation\Final project\fluids_v2\fluids_v2\Debug\link.1168.read.1.tlog
C:\Users\vivekreddy\Desktop\CGGT\6-Physically based Animation\Final project\fluids_v2\fluids_v2\Debug\link.1168.write.1.tlog
C:\Users\vivekreddy\Desktop\CGGT\6-Physically based Animation\Final project\fluids_v2\fluids_v2\Debug\link.1168-cvtres.read.1.tlog
C:\Users\vivekreddy\Desktop\CGGT\6-Physically based Animation\Final project\fluids_v2\fluids_v2\Debug\link.1168-cvtres.write.1.tlog
C:\Users\vivekreddy\Desktop\CGGT\6-Physically based Animation\Final project\fluids_v2\fluids_v2\Debug\link.2456.read.1.tlog
C:\Users\vivekreddy\Desktop\CGGT\6-Physically based Animation\Final project\fluids_v2\fluids_v2\Debug\link.2456.write.1.tlog
C:\Users\vivekreddy\Desktop\CGGT\6-Physically based Animation\Final project\fluids_v2\fluids_v2\Debug\link.2456-cvtres.read.1.tlog
C:\Users\vivekreddy\Desktop\CGGT\6-Physically based Animation\Final project\fluids_v2\fluids_v2\Debug\link.2456-cvtres.write.1.tlog
C:\Users\vivekreddy\Desktop\CGGT\6-Physically based Animation\Final project\fluids_v2\fluids_v2\Debug\link.command.1.tlog
C:\Users\vivekreddy\Desktop\CGGT\6-Physically based Animation\Final project\fluids_v2\fluids_v2\Debug\link.read.1.tlog
C:\Users\vivekreddy\Desktop\CGGT\6-Physically based Animation\Final project\fluids_v2\fluids_v2\Debug\link.write.1.tlog
C:\USERS\VIVEKREDDY\DESKTOP\CGGT\6-PHYSICALLY BASED ANIMATION\FINAL PROJECT\FLUIDS_V2\FLUIDS_V2\DEBUG\MAIN.OBJ
C:\USERS\VIVEKREDDY\DESKTOP\CGGT\6-PHYSICALLY BASED ANIMATION\FINAL PROJECT\FLUIDS_V2\FLUIDS_V2\DEBUG\MATRIX.OBJ
C:\USERS\VIVEKREDDY\DESKTOP\CGGT\6-PHYSICALLY BASED ANIMATION\FINAL PROJECT\FLUIDS_V2\FLUIDS_V2\DEBUG\MDEBUG.OBJ
C:\Users\vivekreddy\Desktop\CGGT\6-Physically based Animation\Final project\fluids_v2\fluids_v2\Debug\mt.command.1.tlog
C:\Users\vivekreddy\Desktop\CGGT\6-Physically based Animation\Final project\fluids_v2\fluids_v2\Debug\mt.read.1.tlog
C:\Users\vivekreddy\Desktop\CGGT\6-Physically based Animation\Final project\fluids_v2\fluids_v2\Debug\mt.write.1.tlog
C:\USERS\VIVEKREDDY\DESKTOP\CGGT\6-PHYSICALLY BASED ANIMATION\FINAL PROJECT\FLUIDS_V2\FLUIDS_V2\DEBUG\MTIME.OBJ
C:\USERS\VIVEKREDDY\DESKTOP\CGGT\6-PHYSICALLY BASED ANIMATION\FINAL PROJECT\FLUIDS_V2\FLUIDS_V2\DEBUG\POINT_SET.OBJ
C:\Users\vivekreddy\Desktop\CGGT\6-Physically based Animation\Final project\fluids_v2\fluids_v2\Debug\rc.command.1.tlog
C:\Users\vivekreddy\Desktop\CGGT\6-Physically based Animation\Final project\fluids_v2\fluids_v2\Debug\rc.read.1.tlog
C:\Users\vivekreddy\Desktop\CGGT\6-Physically based Animation\Final project\fluids_v2\fluids_v2\Debug\rc.write.1.tlog
C:\Users\vivekreddy\Desktop\CGGT\6-Physically based Animation\Final project\fluids_v2\fluids_v2\Debug\vc100.idb
C:\USERS\VIVEKREDDY\DESKTOP\CGGT\6-PHYSICALLY BASED ANIMATION\FINAL PROJECT\FLUIDS_V2\FLUIDS_V2\DEBUG\VC100.PDB
C:\USERS\VIVEKREDDY\DESKTOP\CGGT\6-PHYSICALLY BASED ANIMATION\FINAL PROJECT\FLUIDS_V2\FLUIDS_V2\DEBUG\VECTOR.OBJ
