C:\Users\vivek.viga\Desktop\563FinalSubmission\fluids_v2\fluids_v2\Release\cl.command.1.tlog
C:\Users\vivek.viga\Desktop\563FinalSubmission\fluids_v2\fluids_v2\Release\CL.read.1.tlog
C:\Users\vivek.viga\Desktop\563FinalSubmission\fluids_v2\fluids_v2\Release\CL.write.1.tlog
C:\USERS\VIVEK.VIGA\DESKTOP\563FINALSUBMISSION\FLUIDS_V2\FLUIDS_V2\RELEASE\FLUID.OBJ
C:\USERS\VIVEK.VIGA\DESKTOP\563FINALSUBMISSION\FLUIDS_V2\FLUIDS_V2\RELEASE\FLUID_SYSTEM.OBJ
C:\USERS\VIVEK.VIGA\DESKTOP\563FINALSUBMISSION\FLUIDS_V2\FLUIDS_V2\RELEASE\FLUIDS.EXE
C:\USERS\VIVEK.VIGA\DESKTOP\563FINALSUBMISSION\FLUIDS_V2\FLUIDS_V2\RELEASE\FLUIDS.EXE.INTERMEDIATE.MANIFEST
C:\Users\vivek.viga\Desktop\563FinalSubmission\fluids_v2\fluids_v2\Release\fluids.vcxprojResolveAssemblyReference.cache
C:\Users\vivek.viga\Desktop\563FinalSubmission\fluids_v2\fluids_v2\Release\fluids.write.1.tlog
C:\USERS\VIVEK.VIGA\DESKTOP\563FINALSUBMISSION\FLUIDS_V2\FLUIDS_V2\RELEASE\GEOMX.OBJ
C:\USERS\VIVEK.VIGA\DESKTOP\563FINALSUBMISSION\FLUIDS_V2\FLUIDS_V2\RELEASE\GL_HELPER.OBJ
C:\USERS\VIVEK.VIGA\DESKTOP\563FINALSUBMISSION\FLUIDS_V2\FLUIDS_V2\RELEASE\IMAGE.OBJ
C:\Users\vivek.viga\Desktop\563FinalSubmission\fluids_v2\fluids_v2\Release\link.2536.read.1.tlog
C:\Users\vivek.viga\Desktop\563FinalSubmission\fluids_v2\fluids_v2\Release\link.2536.write.1.tlog
C:\Users\vivek.viga\Desktop\563FinalSubmission\fluids_v2\fluids_v2\Release\link.5368.read.1.tlog
C:\Users\vivek.viga\Desktop\563FinalSubmission\fluids_v2\fluids_v2\Release\link.5368.write.1.tlog
C:\Users\vivek.viga\Desktop\563FinalSubmission\fluids_v2\fluids_v2\Release\link.5904.read.1.tlog
C:\Users\vivek.viga\Desktop\563FinalSubmission\fluids_v2\fluids_v2\Release\link.5904.write.1.tlog
C:\Users\vivek.viga\Desktop\563FinalSubmission\fluids_v2\fluids_v2\Release\link.6280.read.1.tlog
C:\Users\vivek.viga\Desktop\563FinalSubmission\fluids_v2\fluids_v2\Release\link.6280.write.1.tlog
C:\Users\vivek.viga\Desktop\563FinalSubmission\fluids_v2\fluids_v2\Release\link.command.1.tlog
C:\Users\vivek.viga\Desktop\563FinalSubmission\fluids_v2\fluids_v2\Release\link.read.1.tlog
C:\Users\vivek.viga\Desktop\563FinalSubmission\fluids_v2\fluids_v2\Release\link.write.1.tlog
C:\USERS\VIVEK.VIGA\DESKTOP\563FINALSUBMISSION\FLUIDS_V2\FLUIDS_V2\RELEASE\MAIN.OBJ
C:\USERS\VIVEK.VIGA\DESKTOP\563FINALSUBMISSION\FLUIDS_V2\FLUIDS_V2\RELEASE\MATRIX.OBJ
C:\USERS\VIVEK.VIGA\DESKTOP\563FINALSUBMISSION\FLUIDS_V2\FLUIDS_V2\RELEASE\MDEBUG.OBJ
C:\Users\vivek.viga\Desktop\563FinalSubmission\fluids_v2\fluids_v2\Release\mt.command.1.tlog
C:\Users\vivek.viga\Desktop\563FinalSubmission\fluids_v2\fluids_v2\Release\mt.read.1.tlog
C:\Users\vivek.viga\Desktop\563FinalSubmission\fluids_v2\fluids_v2\Release\mt.write.1.tlog
C:\USERS\VIVEK.VIGA\DESKTOP\563FINALSUBMISSION\FLUIDS_V2\FLUIDS_V2\RELEASE\MTIME.OBJ
C:\USERS\VIVEK.VIGA\DESKTOP\563FINALSUBMISSION\FLUIDS_V2\FLUIDS_V2\RELEASE\POINT_SET.OBJ
C:\USERS\VIVEK.VIGA\DESKTOP\563FINALSUBMISSION\FLUIDS_V2\FLUIDS_V2\RELEASE\VC100.PDB
C:\USERS\VIVEK.VIGA\DESKTOP\563FINALSUBMISSION\FLUIDS_V2\FLUIDS_V2\RELEASE\VECTOR.OBJ
