Build started 3/5/2014 8:35:49 PM.
     1>Project "C:\Users\Lakshmi\Documents\GitHub\SPH_Simulation\SPH\SPH\SPH.vcxproj" on node 2 (build target(s)).
     1>InitializeBuildStatus:
         Creating "Debug\SPH.unsuccessfulbuild" because "AlwaysCreate" was specified.
       ClCompile:
         c:\Program Files (x86)\Microsoft Visual Studio 10.0\VC\bin\x86_amd64\CL.exe /c /I. /I"C:\Program Files\Autodesk\Maya2013\include" /Zi /nologo /W3 /WX- /Od /D _DEBUG /D WIN32 /D _WINDOWS /D _USRDLL /D NT_PLUGIN /D _HAS_ITERATOR_DEBUGGING=0 /D _SECURE_SCL=0 /D _SECURE_SCL_THROWS=0 /D _SECURE_SCL_DEPRECATE=0 /D _CRT_SECURE_NO_DEPRECATE /D TBB_USE_DEBUG=0 /D __TBB_LIB_NAME=tbb.lib /D REQUIRE_IOSTREAM /D AW_NEW_IOSTREAMS /D Bits64_ /D _WINDLL /Gm /EHsc /RTC1 /MDd /GS /fp:precise /Zc:wchar_t /Zc:forScope /GR /Fo"Debug\\" /Fd"Debug\SPH.pdb" /Gd /TP /errorReport:prompt pluginMain.cpp SPHCmd.cpp SPHNode.cpp
         SPHNode.cpp
         SPHCmd.cpp
         pluginMain.cpp
         Generating Code...
       ManifestResourceCompile:
         C:\Program Files (x86)\Microsoft SDKs\Windows\v7.0A\bin\rc.exe /nologo /fo"Debug\SPH.mll.embed.manifest.res" Debug\SPH_manifest.rc 
       Link:
         c:\Program Files (x86)\Microsoft Visual Studio 10.0\VC\bin\x86_amd64\link.exe /ERRORREPORT:PROMPT /OUT:"Debug\SPH.mll" /INCREMENTAL /NOLOGO /LIBPATH:"C:\Program Files\Autodesk\Maya2013\lib" Foundation.lib OpenMaya.lib OpenMayaUI.lib OpenMayaAnim.lib OpenMayaFX.lib OpenMayaRender.lib Image.lib libMocap.lib OpenGL32.lib kernel32.lib user32.lib gdi32.lib winspool.lib comdlg32.lib advapi32.lib shell32.lib ole32.lib oleaut32.lib uuid.lib odbc32.lib odbccp32.lib /MANIFEST /ManifestFile:"Debug\SPH.mll.intermediate.manifest" /MANIFESTUAC:"level='asInvoker' uiAccess='false'" /DEBUG /PDB:"Debug\SPH.pdb" /SUBSYSTEM:WINDOWS /TLBID:1 /DYNAMICBASE:NO /NXCOMPAT /IMPLIB:"Debug\SPH.lib" /MACHINE:X64 /DLL Debug\SPH.mll.embed.manifest.res
         Debug\pluginMain.obj
         Debug\SPHCmd.obj
         Debug\SPHNode.obj /export:initializePlugin /export:uninitializePlugin 
         SPH.vcxproj -> C:\Users\Lakshmi\Documents\GitHub\SPH_Simulation\SPH\SPH\Debug\SPH.mll
       Manifest:
         C:\Program Files (x86)\Microsoft SDKs\Windows\v7.0A\bin\mt.exe /nologo /verbose /out:"Debug\SPH.mll.embed.manifest" /manifest Debug\SPH.mll.intermediate.manifest
         All outputs are up-to-date.
       LinkEmbedManifest:
         All outputs are up-to-date.
         SPH.vcxproj -> C:\Users\Lakshmi\Documents\GitHub\SPH_Simulation\SPH\SPH\Debug\SPH.mll
       FinalizeBuildStatus:
         Deleting file "Debug\SPH.unsuccessfulbuild".
         Touching "Debug\SPH.lastbuildstate".
     1>Done Building Project "C:\Users\Lakshmi\Documents\GitHub\SPH_Simulation\SPH\SPH\SPH.vcxproj" (build target(s)).

Build succeeded.

Time Elapsed 00:00:02.59
