C:\Users\Lakshmi\Desktop\CIS660\Final\SPHTest\SPH\SPH\Debug\cl.command.1.tlog
C:\Users\Lakshmi\Desktop\CIS660\Final\SPHTest\SPH\SPH\Debug\CL.read.1.tlog
C:\Users\Lakshmi\Desktop\CIS660\Final\SPHTest\SPH\SPH\Debug\CL.write.1.tlog
C:\Users\Lakshmi\Desktop\CIS660\Final\SPHTest\SPH\SPH\Debug\link.4776.read.1.tlog
C:\Users\Lakshmi\Desktop\CIS660\Final\SPHTest\SPH\SPH\Debug\link.4776.write.1.tlog
C:\Users\Lakshmi\Desktop\CIS660\Final\SPHTest\SPH\SPH\Debug\link.4776-cvtres.read.1.tlog
C:\Users\Lakshmi\Desktop\CIS660\Final\SPHTest\SPH\SPH\Debug\link.4776-cvtres.write.1.tlog
C:\Users\Lakshmi\Desktop\CIS660\Final\SPHTest\SPH\SPH\Debug\link.command.1.tlog
C:\Users\Lakshmi\Desktop\CIS660\Final\SPHTest\SPH\SPH\Debug\link.read.1.tlog
C:\Users\Lakshmi\Desktop\CIS660\Final\SPHTest\SPH\SPH\Debug\link.write.1.tlog
C:\Users\Lakshmi\Desktop\CIS660\Final\SPHTest\SPH\SPH\Debug\link-cvtres.read.1.tlog
C:\Users\Lakshmi\Desktop\CIS660\Final\SPHTest\SPH\SPH\Debug\link-cvtres.write.1.tlog
C:\Users\Lakshmi\Desktop\CIS660\Final\SPHTest\SPH\SPH\Debug\mt.command.1.tlog
C:\Users\Lakshmi\Desktop\CIS660\Final\SPHTest\SPH\SPH\Debug\mt.read.1.tlog
C:\Users\Lakshmi\Desktop\CIS660\Final\SPHTest\SPH\SPH\Debug\mt.write.1.tlog
C:\USERS\LAKSHMI\DESKTOP\CIS660\FINAL\SPHTEST\SPH\SPH\DEBUG\PLUGINMAIN.OBJ
C:\Users\Lakshmi\Desktop\CIS660\Final\SPHTest\SPH\SPH\Debug\rc.command.1.tlog
C:\Users\Lakshmi\Desktop\CIS660\Final\SPHTest\SPH\SPH\Debug\rc.read.1.tlog
C:\Users\Lakshmi\Desktop\CIS660\Final\SPHTest\SPH\SPH\Debug\rc.write.1.tlog
C:\Users\Lakshmi\Desktop\CIS660\Final\SPHTest\SPH\SPH\Debug\SPH.exp
C:\Users\Lakshmi\Desktop\CIS660\Final\SPHTest\SPH\SPH\Debug\SPH.idb
C:\USERS\LAKSHMI\DESKTOP\CIS660\FINAL\SPHTEST\SPH\SPH\DEBUG\SPH.ILK
C:\Users\Lakshmi\Desktop\CIS660\Final\SPHTest\SPH\SPH\Debug\SPH.lib
C:\USERS\LAKSHMI\DESKTOP\CIS660\FINAL\SPHTEST\SPH\SPH\DEBUG\SPH.MLL
C:\USERS\LAKSHMI\DESKTOP\CIS660\FINAL\SPHTEST\SPH\SPH\DEBUG\SPH.MLL.EMBED.MANIFEST
C:\USERS\LAKSHMI\DESKTOP\CIS660\FINAL\SPHTEST\SPH\SPH\DEBUG\SPH.MLL.EMBED.MANIFEST.RES
C:\USERS\LAKSHMI\DESKTOP\CIS660\FINAL\SPHTEST\SPH\SPH\DEBUG\SPH.MLL.INTERMEDIATE.MANIFEST
C:\USERS\LAKSHMI\DESKTOP\CIS660\FINAL\SPHTEST\SPH\SPH\DEBUG\SPH.PDB
C:\Users\Lakshmi\Desktop\CIS660\Final\SPHTest\SPH\SPH\Debug\SPH.vcxprojResolveAssemblyReference.cache
C:\Users\Lakshmi\Desktop\CIS660\Final\SPHTest\SPH\SPH\Debug\SPH.write.1.tlog
C:\Users\Lakshmi\Desktop\CIS660\Final\SPHTest\SPH\SPH\Debug\SPH_manifest.rc
C:\USERS\LAKSHMI\DESKTOP\CIS660\FINAL\SPHTEST\SPH\SPH\DEBUG\SPHCMD.OBJ
C:\USERS\LAKSHMI\DESKTOP\CIS660\FINAL\SPHTEST\SPH\SPH\DEBUG\SPHNODE.OBJ
Debug\SPH.ilk
Debug\SPH.pdb
