C:\Users\vivekreddy\Desktop\CGGT\6-Physically based Animation\Final project\apr17_2bckup\fluids_v2\fluids_v2\Debug\cgdemo.pdb
C:\Users\vivekreddy\Desktop\CGGT\6-Physically based Animation\Final project\apr17_2bckup\fluids_v2\fluids_v2\Debug\cl.command.1.tlog
C:\Users\vivekreddy\Desktop\CGGT\6-Physically based Animation\Final project\apr17_2bckup\fluids_v2\fluids_v2\Debug\CL.read.1.tlog
C:\Users\vivekreddy\Desktop\CGGT\6-Physically based Animation\Final project\apr17_2bckup\fluids_v2\fluids_v2\Debug\CL.write.1.tlog
C:\USERS\VIVEKREDDY\DESKTOP\CGGT\6-PHYSICALLY BASED ANIMATION\FINAL PROJECT\APR17_2BCKUP\FLUIDS_V2\FLUIDS_V2\DEBUG\FLUID.OBJ
C:\USERS\VIVEKREDDY\DESKTOP\CGGT\6-PHYSICALLY BASED ANIMATION\FINAL PROJECT\APR17_2BCKUP\FLUIDS_V2\FLUIDS_V2\DEBUG\FLUID_SYSTEM.OBJ
C:\Users\vivekreddy\Desktop\CGGT\6-Physically based Animation\Final project\apr17_2bckup\fluids_v2\fluids_v2\Debug\fluids.vcxprojResolveAssemblyReference.cache
C:\Users\vivekreddy\Desktop\CGGT\6-Physically based Animation\Final project\apr17_2bckup\fluids_v2\fluids_v2\Debug\fluids.write.1.tlog
C:\Users\vivekreddy\Desktop\CGGT\6-Physically based Animation\Final project\apr17_2bckup\fluids_v2\fluids_v2\Debug\fluids_debug.exe
C:\USERS\VIVEKREDDY\DESKTOP\CGGT\6-PHYSICALLY BASED ANIMATION\FINAL PROJECT\APR17_2BCKUP\FLUIDS_V2\FLUIDS_V2\DEBUG\FLUIDS_DEBUG.EXE.EMBED.MANIFEST
C:\USERS\VIVEKREDDY\DESKTOP\CGGT\6-PHYSICALLY BASED ANIMATION\FINAL PROJECT\APR17_2BCKUP\FLUIDS_V2\FLUIDS_V2\DEBUG\FLUIDS_DEBUG.EXE.EMBED.MANIFEST.RES
C:\Users\vivekreddy\Desktop\CGGT\6-Physically based Animation\Final project\apr17_2bckup\fluids_v2\fluids_v2\Debug\fluids_debug.exe.intermediate.manifest
C:\Users\vivekreddy\Desktop\CGGT\6-Physically based Animation\Final project\apr17_2bckup\fluids_v2\fluids_v2\Debug\fluids_debug_manifest.rc
C:\USERS\VIVEKREDDY\DESKTOP\CGGT\6-PHYSICALLY BASED ANIMATION\FINAL PROJECT\APR17_2BCKUP\FLUIDS_V2\FLUIDS_V2\DEBUG\GEOMX.OBJ
C:\USERS\VIVEKREDDY\DESKTOP\CGGT\6-PHYSICALLY BASED ANIMATION\FINAL PROJECT\APR17_2BCKUP\FLUIDS_V2\FLUIDS_V2\DEBUG\GL_HELPER.OBJ
C:\USERS\VIVEKREDDY\DESKTOP\CGGT\6-PHYSICALLY BASED ANIMATION\FINAL PROJECT\APR17_2BCKUP\FLUIDS_V2\FLUIDS_V2\DEBUG\IMAGE.OBJ
C:\Users\vivekreddy\Desktop\CGGT\6-Physically based Animation\Final project\apr17_2bckup\fluids_v2\fluids_v2\Debug\link.1076.read.1.tlog
C:\Users\vivekreddy\Desktop\CGGT\6-Physically based Animation\Final project\apr17_2bckup\fluids_v2\fluids_v2\Debug\link.1076.write.1.tlog
C:\Users\vivekreddy\Desktop\CGGT\6-Physically based Animation\Final project\apr17_2bckup\fluids_v2\fluids_v2\Debug\link.1076-cvtres.read.1.tlog
C:\Users\vivekreddy\Desktop\CGGT\6-Physically based Animation\Final project\apr17_2bckup\fluids_v2\fluids_v2\Debug\link.1076-cvtres.write.1.tlog
C:\Users\vivekreddy\Desktop\CGGT\6-Physically based Animation\Final project\apr17_2bckup\fluids_v2\fluids_v2\Debug\link.14012.read.1.tlog
C:\Users\vivekreddy\Desktop\CGGT\6-Physically based Animation\Final project\apr17_2bckup\fluids_v2\fluids_v2\Debug\link.14012.write.1.tlog
C:\Users\vivekreddy\Desktop\CGGT\6-Physically based Animation\Final project\apr17_2bckup\fluids_v2\fluids_v2\Debug\link.14012-cvtres.read.1.tlog
C:\Users\vivekreddy\Desktop\CGGT\6-Physically based Animation\Final project\apr17_2bckup\fluids_v2\fluids_v2\Debug\link.14012-cvtres.write.1.tlog
C:\Users\vivekreddy\Desktop\CGGT\6-Physically based Animation\Final project\apr17_2bckup\fluids_v2\fluids_v2\Debug\link.1412.read.1.tlog
C:\Users\vivekreddy\Desktop\CGGT\6-Physically based Animation\Final project\apr17_2bckup\fluids_v2\fluids_v2\Debug\link.1412.write.1.tlog
C:\Users\vivekreddy\Desktop\CGGT\6-Physically based Animation\Final project\apr17_2bckup\fluids_v2\fluids_v2\Debug\link.1412-cvtres.read.1.tlog
C:\Users\vivekreddy\Desktop\CGGT\6-Physically based Animation\Final project\apr17_2bckup\fluids_v2\fluids_v2\Debug\link.1412-cvtres.write.1.tlog
C:\Users\vivekreddy\Desktop\CGGT\6-Physically based Animation\Final project\apr17_2bckup\fluids_v2\fluids_v2\Debug\link.1652.read.1.tlog
C:\Users\vivekreddy\Desktop\CGGT\6-Physically based Animation\Final project\apr17_2bckup\fluids_v2\fluids_v2\Debug\link.1652.write.1.tlog
C:\Users\vivekreddy\Desktop\CGGT\6-Physically based Animation\Final project\apr17_2bckup\fluids_v2\fluids_v2\Debug\link.1652-cvtres.read.1.tlog
C:\Users\vivekreddy\Desktop\CGGT\6-Physically based Animation\Final project\apr17_2bckup\fluids_v2\fluids_v2\Debug\link.1652-cvtres.write.1.tlog
C:\Users\vivekreddy\Desktop\CGGT\6-Physically based Animation\Final project\apr17_2bckup\fluids_v2\fluids_v2\Debug\link.2152.read.1.tlog
C:\Users\vivekreddy\Desktop\CGGT\6-Physically based Animation\Final project\apr17_2bckup\fluids_v2\fluids_v2\Debug\link.2152.write.1.tlog
C:\Users\vivekreddy\Desktop\CGGT\6-Physically based Animation\Final project\apr17_2bckup\fluids_v2\fluids_v2\Debug\link.2152-cvtres.read.1.tlog
C:\Users\vivekreddy\Desktop\CGGT\6-Physically based Animation\Final project\apr17_2bckup\fluids_v2\fluids_v2\Debug\link.2152-cvtres.write.1.tlog
C:\Users\vivekreddy\Desktop\CGGT\6-Physically based Animation\Final project\apr17_2bckup\fluids_v2\fluids_v2\Debug\link.2368.read.1.tlog
C:\Users\vivekreddy\Desktop\CGGT\6-Physically based Animation\Final project\apr17_2bckup\fluids_v2\fluids_v2\Debug\link.2368.write.1.tlog
C:\Users\vivekreddy\Desktop\CGGT\6-Physically based Animation\Final project\apr17_2bckup\fluids_v2\fluids_v2\Debug\link.2368-cvtres.read.1.tlog
C:\Users\vivekreddy\Desktop\CGGT\6-Physically based Animation\Final project\apr17_2bckup\fluids_v2\fluids_v2\Debug\link.2368-cvtres.write.1.tlog
C:\Users\vivekreddy\Desktop\CGGT\6-Physically based Animation\Final project\apr17_2bckup\fluids_v2\fluids_v2\Debug\link.2516.read.1.tlog
C:\Users\vivekreddy\Desktop\CGGT\6-Physically based Animation\Final project\apr17_2bckup\fluids_v2\fluids_v2\Debug\link.2516.write.1.tlog
C:\Users\vivekreddy\Desktop\CGGT\6-Physically based Animation\Final project\apr17_2bckup\fluids_v2\fluids_v2\Debug\link.2516-cvtres.read.1.tlog
C:\Users\vivekreddy\Desktop\CGGT\6-Physically based Animation\Final project\apr17_2bckup\fluids_v2\fluids_v2\Debug\link.2516-cvtres.write.1.tlog
C:\Users\vivekreddy\Desktop\CGGT\6-Physically based Animation\Final project\apr17_2bckup\fluids_v2\fluids_v2\Debug\link.2756.read.1.tlog
C:\Users\vivekreddy\Desktop\CGGT\6-Physically based Animation\Final project\apr17_2bckup\fluids_v2\fluids_v2\Debug\link.2756.write.1.tlog
C:\Users\vivekreddy\Desktop\CGGT\6-Physically based Animation\Final project\apr17_2bckup\fluids_v2\fluids_v2\Debug\link.2756-cvtres.read.1.tlog
C:\Users\vivekreddy\Desktop\CGGT\6-Physically based Animation\Final project\apr17_2bckup\fluids_v2\fluids_v2\Debug\link.2756-cvtres.write.1.tlog
C:\Users\vivekreddy\Desktop\CGGT\6-Physically based Animation\Final project\apr17_2bckup\fluids_v2\fluids_v2\Debug\link.2920.read.1.tlog
C:\Users\vivekreddy\Desktop\CGGT\6-Physically based Animation\Final project\apr17_2bckup\fluids_v2\fluids_v2\Debug\link.2920.write.1.tlog
C:\Users\vivekreddy\Desktop\CGGT\6-Physically based Animation\Final project\apr17_2bckup\fluids_v2\fluids_v2\Debug\link.2920-cvtres.read.1.tlog
C:\Users\vivekreddy\Desktop\CGGT\6-Physically based Animation\Final project\apr17_2bckup\fluids_v2\fluids_v2\Debug\link.2920-cvtres.write.1.tlog
C:\Users\vivekreddy\Desktop\CGGT\6-Physically based Animation\Final project\apr17_2bckup\fluids_v2\fluids_v2\Debug\link.3772.read.1.tlog
C:\Users\vivekreddy\Desktop\CGGT\6-Physically based Animation\Final project\apr17_2bckup\fluids_v2\fluids_v2\Debug\link.3772.write.1.tlog
C:\Users\vivekreddy\Desktop\CGGT\6-Physically based Animation\Final project\apr17_2bckup\fluids_v2\fluids_v2\Debug\link.3772-cvtres.read.1.tlog
C:\Users\vivekreddy\Desktop\CGGT\6-Physically based Animation\Final project\apr17_2bckup\fluids_v2\fluids_v2\Debug\link.3772-cvtres.write.1.tlog
C:\Users\vivekreddy\Desktop\CGGT\6-Physically based Animation\Final project\apr17_2bckup\fluids_v2\fluids_v2\Debug\link.4032.read.1.tlog
C:\Users\vivekreddy\Desktop\CGGT\6-Physically based Animation\Final project\apr17_2bckup\fluids_v2\fluids_v2\Debug\link.4032.write.1.tlog
C:\Users\vivekreddy\Desktop\CGGT\6-Physically based Animation\Final project\apr17_2bckup\fluids_v2\fluids_v2\Debug\link.4032-cvtres.read.1.tlog
C:\Users\vivekreddy\Desktop\CGGT\6-Physically based Animation\Final project\apr17_2bckup\fluids_v2\fluids_v2\Debug\link.4032-cvtres.write.1.tlog
C:\Users\vivekreddy\Desktop\CGGT\6-Physically based Animation\Final project\apr17_2bckup\fluids_v2\fluids_v2\Debug\link.4132.read.1.tlog
C:\Users\vivekreddy\Desktop\CGGT\6-Physically based Animation\Final project\apr17_2bckup\fluids_v2\fluids_v2\Debug\link.4132.write.1.tlog
C:\Users\vivekreddy\Desktop\CGGT\6-Physically based Animation\Final project\apr17_2bckup\fluids_v2\fluids_v2\Debug\link.4132-cvtres.read.1.tlog
C:\Users\vivekreddy\Desktop\CGGT\6-Physically based Animation\Final project\apr17_2bckup\fluids_v2\fluids_v2\Debug\link.4132-cvtres.write.1.tlog
C:\Users\vivekreddy\Desktop\CGGT\6-Physically based Animation\Final project\apr17_2bckup\fluids_v2\fluids_v2\Debug\link.4940.read.1.tlog
C:\Users\vivekreddy\Desktop\CGGT\6-Physically based Animation\Final project\apr17_2bckup\fluids_v2\fluids_v2\Debug\link.4940.write.1.tlog
C:\Users\vivekreddy\Desktop\CGGT\6-Physically based Animation\Final project\apr17_2bckup\fluids_v2\fluids_v2\Debug\link.4940-cvtres.read.1.tlog
C:\Users\vivekreddy\Desktop\CGGT\6-Physically based Animation\Final project\apr17_2bckup\fluids_v2\fluids_v2\Debug\link.4940-cvtres.write.1.tlog
C:\Users\vivekreddy\Desktop\CGGT\6-Physically based Animation\Final project\apr17_2bckup\fluids_v2\fluids_v2\Debug\link.5172.read.1.tlog
C:\Users\vivekreddy\Desktop\CGGT\6-Physically based Animation\Final project\apr17_2bckup\fluids_v2\fluids_v2\Debug\link.5172.write.1.tlog
C:\Users\vivekreddy\Desktop\CGGT\6-Physically based Animation\Final project\apr17_2bckup\fluids_v2\fluids_v2\Debug\link.5172-cvtres.read.1.tlog
C:\Users\vivekreddy\Desktop\CGGT\6-Physically based Animation\Final project\apr17_2bckup\fluids_v2\fluids_v2\Debug\link.5172-cvtres.write.1.tlog
C:\Users\vivekreddy\Desktop\CGGT\6-Physically based Animation\Final project\apr17_2bckup\fluids_v2\fluids_v2\Debug\link.5216.read.1.tlog
C:\Users\vivekreddy\Desktop\CGGT\6-Physically based Animation\Final project\apr17_2bckup\fluids_v2\fluids_v2\Debug\link.5216.write.1.tlog
C:\Users\vivekreddy\Desktop\CGGT\6-Physically based Animation\Final project\apr17_2bckup\fluids_v2\fluids_v2\Debug\link.5216-cvtres.read.1.tlog
C:\Users\vivekreddy\Desktop\CGGT\6-Physically based Animation\Final project\apr17_2bckup\fluids_v2\fluids_v2\Debug\link.5216-cvtres.write.1.tlog
C:\Users\vivekreddy\Desktop\CGGT\6-Physically based Animation\Final project\apr17_2bckup\fluids_v2\fluids_v2\Debug\link.5364.read.1.tlog
C:\Users\vivekreddy\Desktop\CGGT\6-Physically based Animation\Final project\apr17_2bckup\fluids_v2\fluids_v2\Debug\link.5364.write.1.tlog
C:\Users\vivekreddy\Desktop\CGGT\6-Physically based Animation\Final project\apr17_2bckup\fluids_v2\fluids_v2\Debug\link.5364-cvtres.read.1.tlog
C:\Users\vivekreddy\Desktop\CGGT\6-Physically based Animation\Final project\apr17_2bckup\fluids_v2\fluids_v2\Debug\link.5364-cvtres.write.1.tlog
C:\Users\vivekreddy\Desktop\CGGT\6-Physically based Animation\Final project\apr17_2bckup\fluids_v2\fluids_v2\Debug\link.5888.read.1.tlog
C:\Users\vivekreddy\Desktop\CGGT\6-Physically based Animation\Final project\apr17_2bckup\fluids_v2\fluids_v2\Debug\link.5888.write.1.tlog
C:\Users\vivekreddy\Desktop\CGGT\6-Physically based Animation\Final project\apr17_2bckup\fluids_v2\fluids_v2\Debug\link.5888-cvtres.read.1.tlog
C:\Users\vivekreddy\Desktop\CGGT\6-Physically based Animation\Final project\apr17_2bckup\fluids_v2\fluids_v2\Debug\link.5888-cvtres.write.1.tlog
C:\Users\vivekreddy\Desktop\CGGT\6-Physically based Animation\Final project\apr17_2bckup\fluids_v2\fluids_v2\Debug\link.5992.read.1.tlog
C:\Users\vivekreddy\Desktop\CGGT\6-Physically based Animation\Final project\apr17_2bckup\fluids_v2\fluids_v2\Debug\link.5992.write.1.tlog
C:\Users\vivekreddy\Desktop\CGGT\6-Physically based Animation\Final project\apr17_2bckup\fluids_v2\fluids_v2\Debug\link.5992-cvtres.read.1.tlog
C:\Users\vivekreddy\Desktop\CGGT\6-Physically based Animation\Final project\apr17_2bckup\fluids_v2\fluids_v2\Debug\link.5992-cvtres.write.1.tlog
C:\Users\vivekreddy\Desktop\CGGT\6-Physically based Animation\Final project\apr17_2bckup\fluids_v2\fluids_v2\Debug\link.6020.read.1.tlog
C:\Users\vivekreddy\Desktop\CGGT\6-Physically based Animation\Final project\apr17_2bckup\fluids_v2\fluids_v2\Debug\link.6020.write.1.tlog
C:\Users\vivekreddy\Desktop\CGGT\6-Physically based Animation\Final project\apr17_2bckup\fluids_v2\fluids_v2\Debug\link.6020-cvtres.read.1.tlog
C:\Users\vivekreddy\Desktop\CGGT\6-Physically based Animation\Final project\apr17_2bckup\fluids_v2\fluids_v2\Debug\link.6020-cvtres.write.1.tlog
C:\Users\vivekreddy\Desktop\CGGT\6-Physically based Animation\Final project\apr17_2bckup\fluids_v2\fluids_v2\Debug\link.6328.read.1.tlog
C:\Users\vivekreddy\Desktop\CGGT\6-Physically based Animation\Final project\apr17_2bckup\fluids_v2\fluids_v2\Debug\link.6328.write.1.tlog
C:\Users\vivekreddy\Desktop\CGGT\6-Physically based Animation\Final project\apr17_2bckup\fluids_v2\fluids_v2\Debug\link.6328-cvtres.read.1.tlog
C:\Users\vivekreddy\Desktop\CGGT\6-Physically based Animation\Final project\apr17_2bckup\fluids_v2\fluids_v2\Debug\link.6328-cvtres.write.1.tlog
C:\Users\vivekreddy\Desktop\CGGT\6-Physically based Animation\Final project\apr17_2bckup\fluids_v2\fluids_v2\Debug\link.6528.read.1.tlog
C:\Users\vivekreddy\Desktop\CGGT\6-Physically based Animation\Final project\apr17_2bckup\fluids_v2\fluids_v2\Debug\link.6528.write.1.tlog
C:\Users\vivekreddy\Desktop\CGGT\6-Physically based Animation\Final project\apr17_2bckup\fluids_v2\fluids_v2\Debug\link.6528-cvtres.read.1.tlog
C:\Users\vivekreddy\Desktop\CGGT\6-Physically based Animation\Final project\apr17_2bckup\fluids_v2\fluids_v2\Debug\link.6528-cvtres.write.1.tlog
C:\Users\vivekreddy\Desktop\CGGT\6-Physically based Animation\Final project\apr17_2bckup\fluids_v2\fluids_v2\Debug\link.6772.read.1.tlog
C:\Users\vivekreddy\Desktop\CGGT\6-Physically based Animation\Final project\apr17_2bckup\fluids_v2\fluids_v2\Debug\link.6772.write.1.tlog
C:\Users\vivekreddy\Desktop\CGGT\6-Physically based Animation\Final project\apr17_2bckup\fluids_v2\fluids_v2\Debug\link.6772-cvtres.read.1.tlog
C:\Users\vivekreddy\Desktop\CGGT\6-Physically based Animation\Final project\apr17_2bckup\fluids_v2\fluids_v2\Debug\link.6772-cvtres.write.1.tlog
C:\Users\vivekreddy\Desktop\CGGT\6-Physically based Animation\Final project\apr17_2bckup\fluids_v2\fluids_v2\Debug\link.6872.read.1.tlog
C:\Users\vivekreddy\Desktop\CGGT\6-Physically based Animation\Final project\apr17_2bckup\fluids_v2\fluids_v2\Debug\link.6872.write.1.tlog
C:\Users\vivekreddy\Desktop\CGGT\6-Physically based Animation\Final project\apr17_2bckup\fluids_v2\fluids_v2\Debug\link.6872-cvtres.read.1.tlog
C:\Users\vivekreddy\Desktop\CGGT\6-Physically based Animation\Final project\apr17_2bckup\fluids_v2\fluids_v2\Debug\link.6872-cvtres.write.1.tlog
C:\Users\vivekreddy\Desktop\CGGT\6-Physically based Animation\Final project\apr17_2bckup\fluids_v2\fluids_v2\Debug\link.6904.read.1.tlog
C:\Users\vivekreddy\Desktop\CGGT\6-Physically based Animation\Final project\apr17_2bckup\fluids_v2\fluids_v2\Debug\link.6904.write.1.tlog
C:\Users\vivekreddy\Desktop\CGGT\6-Physically based Animation\Final project\apr17_2bckup\fluids_v2\fluids_v2\Debug\link.6904-cvtres.read.1.tlog
C:\Users\vivekreddy\Desktop\CGGT\6-Physically based Animation\Final project\apr17_2bckup\fluids_v2\fluids_v2\Debug\link.6904-cvtres.write.1.tlog
C:\Users\vivekreddy\Desktop\CGGT\6-Physically based Animation\Final project\apr17_2bckup\fluids_v2\fluids_v2\Debug\link.6992.read.1.tlog
C:\Users\vivekreddy\Desktop\CGGT\6-Physically based Animation\Final project\apr17_2bckup\fluids_v2\fluids_v2\Debug\link.6992.write.1.tlog
C:\Users\vivekreddy\Desktop\CGGT\6-Physically based Animation\Final project\apr17_2bckup\fluids_v2\fluids_v2\Debug\link.6992-cvtres.read.1.tlog
C:\Users\vivekreddy\Desktop\CGGT\6-Physically based Animation\Final project\apr17_2bckup\fluids_v2\fluids_v2\Debug\link.6992-cvtres.write.1.tlog
C:\Users\vivekreddy\Desktop\CGGT\6-Physically based Animation\Final project\apr17_2bckup\fluids_v2\fluids_v2\Debug\link.command.1.tlog
C:\Users\vivekreddy\Desktop\CGGT\6-Physically based Animation\Final project\apr17_2bckup\fluids_v2\fluids_v2\Debug\link.read.1.tlog
C:\Users\vivekreddy\Desktop\CGGT\6-Physically based Animation\Final project\apr17_2bckup\fluids_v2\fluids_v2\Debug\link.write.1.tlog
C:\USERS\VIVEKREDDY\DESKTOP\CGGT\6-PHYSICALLY BASED ANIMATION\FINAL PROJECT\APR17_2BCKUP\FLUIDS_V2\FLUIDS_V2\DEBUG\MAIN.OBJ
C:\USERS\VIVEKREDDY\DESKTOP\CGGT\6-PHYSICALLY BASED ANIMATION\FINAL PROJECT\APR17_2BCKUP\FLUIDS_V2\FLUIDS_V2\DEBUG\MATRIX.OBJ
C:\USERS\VIVEKREDDY\DESKTOP\CGGT\6-PHYSICALLY BASED ANIMATION\FINAL PROJECT\APR17_2BCKUP\FLUIDS_V2\FLUIDS_V2\DEBUG\MDEBUG.OBJ
C:\Users\vivekreddy\Desktop\CGGT\6-Physically based Animation\Final project\apr17_2bckup\fluids_v2\fluids_v2\Debug\mt.command.1.tlog
C:\Users\vivekreddy\Desktop\CGGT\6-Physically based Animation\Final project\apr17_2bckup\fluids_v2\fluids_v2\Debug\mt.read.1.tlog
C:\Users\vivekreddy\Desktop\CGGT\6-Physically based Animation\Final project\apr17_2bckup\fluids_v2\fluids_v2\Debug\mt.write.1.tlog
C:\USERS\VIVEKREDDY\DESKTOP\CGGT\6-PHYSICALLY BASED ANIMATION\FINAL PROJECT\APR17_2BCKUP\FLUIDS_V2\FLUIDS_V2\DEBUG\MTIME.OBJ
C:\USERS\VIVEKREDDY\DESKTOP\CGGT\6-PHYSICALLY BASED ANIMATION\FINAL PROJECT\APR17_2BCKUP\FLUIDS_V2\FLUIDS_V2\DEBUG\POINT_SET.OBJ
C:\Users\vivekreddy\Desktop\CGGT\6-Physically based Animation\Final project\apr17_2bckup\fluids_v2\fluids_v2\Debug\rc.command.1.tlog
C:\Users\vivekreddy\Desktop\CGGT\6-Physically based Animation\Final project\apr17_2bckup\fluids_v2\fluids_v2\Debug\rc.read.1.tlog
C:\Users\vivekreddy\Desktop\CGGT\6-Physically based Animation\Final project\apr17_2bckup\fluids_v2\fluids_v2\Debug\rc.write.1.tlog
C:\Users\vivekreddy\Desktop\CGGT\6-Physically based Animation\Final project\apr17_2bckup\fluids_v2\fluids_v2\Debug\vc100.idb
C:\USERS\VIVEKREDDY\DESKTOP\CGGT\6-PHYSICALLY BASED ANIMATION\FINAL PROJECT\APR17_2BCKUP\FLUIDS_V2\FLUIDS_V2\DEBUG\VC100.PDB
C:\USERS\VIVEKREDDY\DESKTOP\CGGT\6-PHYSICALLY BASED ANIMATION\FINAL PROJECT\APR17_2BCKUP\FLUIDS_V2\FLUIDS_V2\DEBUG\VECTOR.OBJ
